<?xml version="1.0" encoding="UTF-8"?>
<testng-results ignored="0" total="1" passed="1" failed="0" skipped="0">
  <reporter-output>
  </reporter-output>
  <suite started-at="2024-05-28T22:28:16 IST" name="Default suite" finished-at="2024-05-28T22:28:34 IST" duration-ms="17572">
    <groups>
    </groups>
    <test started-at="2024-05-28T22:28:16 IST" name="Default test" finished-at="2024-05-28T22:28:34 IST" duration-ms="17572">
      <class name="shopper.testcase.testcase1">
        <test-method is-config="true" signature="openBrowser()[pri:0, instance:shopper.testcase.testcase1@2c1b194a]" started-at="2024-05-28T22:28:16 IST" name="openBrowser" finished-at="2024-05-28T22:28:22 IST" duration-ms="6257" status="PASS">
          <reporter-output>
          </reporter-output>
        </test-method> <!-- openBrowser -->
        <test-method is-config="true" signature="loginpage()[pri:0, instance:shopper.testcase.testcase1@2c1b194a]" started-at="2024-05-28T22:28:22 IST" name="loginpage" finished-at="2024-05-28T22:28:33 IST" duration-ms="11252" status="PASS">
          <reporter-output>
          </reporter-output>
        </test-method> <!-- loginpage -->
        <test-method signature="Testcase()[pri:0, instance:shopper.testcase.testcase1@2c1b194a]" started-at="2024-05-28T22:28:33 IST" name="Testcase" finished-at="2024-05-28T22:28:34 IST" duration-ms="10" status="PASS">
          <reporter-output>
          </reporter-output>
        </test-method> <!-- Testcase -->
      </class> <!-- shopper.testcase.testcase1 -->
    </test> <!-- Default test -->
  </suite> <!-- Default suite -->
</testng-results>
